2025-03-25 17:52:36,597 INFO o.a.j.u.JMeterUtils: Setting Locale to en_EN
2025-03-25 17:52:36,629 INFO o.a.j.JMeter: Loading user properties from: /mnt/c/Program Files/jmeter/bin/user.properties
2025-03-25 17:52:36,632 INFO o.a.j.JMeter: Loading system properties from: /mnt/c/Program Files/jmeter/bin/system.properties
2025-03-25 17:52:36,641 INFO o.a.j.JMeter: Copyright (c) 1998-2024 The Apache Software Foundation
2025-03-25 17:52:36,641 INFO o.a.j.JMeter: Version 5.6.3
2025-03-25 17:52:36,641 INFO o.a.j.JMeter: java.version=11.0.26
2025-03-25 17:52:36,641 INFO o.a.j.JMeter: java.vm.name=OpenJDK 64-Bit Server VM
2025-03-25 17:52:36,641 INFO o.a.j.JMeter: os.name=Linux
2025-03-25 17:52:36,641 INFO o.a.j.JMeter: os.arch=amd64
2025-03-25 17:52:36,641 INFO o.a.j.JMeter: os.version=5.15.167.4-microsoft-standard-WSL2
2025-03-25 17:52:36,641 INFO o.a.j.JMeter: file.encoding=UTF-8
2025-03-25 17:52:36,641 INFO o.a.j.JMeter: java.awt.headless=null
2025-03-25 17:52:36,641 INFO o.a.j.JMeter: Max memory     =1073741824
2025-03-25 17:52:36,641 INFO o.a.j.JMeter: Available Processors =8
2025-03-25 17:52:36,650 INFO o.a.j.JMeter: Default Locale=English (EN)
2025-03-25 17:52:36,651 INFO o.a.j.JMeter: JMeter  Locale=English (EN)
2025-03-25 17:52:36,651 INFO o.a.j.JMeter: JMeterHome=/mnt/c/Program Files/jmeter
2025-03-25 17:52:36,651 INFO o.a.j.JMeter: user.dir  =/home/rfahham/projetos/jmeter
2025-03-25 17:52:36,651 INFO o.a.j.JMeter: PWD       =/home/rfahham/projetos/jmeter
2025-03-25 17:52:36,651 INFO o.a.j.JMeter: IP: 127.0.1.1 Name: DESKTOP-059018K FullName: DESKTOP-059018K.
2025-03-25 17:52:36,686 INFO o.a.j.JMeter: Loaded icon properties from org/apache/jmeter/images/icon.properties
2025-03-25 17:52:37,183 INFO o.a.j.JMeterGuiLauncher: Setting LAF to: com.github.weisj.darklaf.DarkLaf:com.github.weisj.darklaf.theme.OneDarkTheme
2025-03-25 17:52:39,275 INFO o.a.j.r.ClassFinder: Will scan jar /mnt/c/Program Files/jmeter/lib/ext/cmdrunner-2.3.jar with filter ExtendsClassFilter [parents=[interface org.apache.jmeter.gui.action.Command], inner=false, contains=null, notContains=null]. Consider exposing JMeter plugins via META-INF/services, and add JMeter-Skip-Class-Scanning=true manifest attribute so JMeter can skip classfile scanning
2025-03-25 17:52:39,282 INFO o.a.j.r.ClassFinder: Will scan jar /mnt/c/Program Files/jmeter/lib/ext/jmeter-plugins-cmn-jmeter-0.7.jar with filter ExtendsClassFilter [parents=[interface org.apache.jmeter.gui.action.Command], inner=false, contains=null, notContains=null]. Consider exposing JMeter plugins via META-INF/services, and add JMeter-Skip-Class-Scanning=true manifest attribute so JMeter can skip classfile scanning
2025-03-25 17:52:39,350 INFO o.a.j.r.ClassFinder: Will scan jar /mnt/c/Program Files/jmeter/lib/ext/jmeter-plugins-casutg-3.0.jar with filter ExtendsClassFilter [parents=[interface org.apache.jmeter.gui.action.Command], inner=false, contains=null, notContains=null]. Consider exposing JMeter plugins via META-INF/services, and add JMeter-Skip-Class-Scanning=true manifest attribute so JMeter can skip classfile scanning
2025-03-25 17:52:39,374 INFO o.a.j.r.ClassFinder: Will scan jar /mnt/c/Program Files/jmeter/lib/ext/jmeter-plugins-manager-1.10.jar with filter ExtendsClassFilter [parents=[interface org.apache.jmeter.gui.action.Command], inner=false, contains=null, notContains=null]. Consider exposing JMeter plugins via META-INF/services, and add JMeter-Skip-Class-Scanning=true manifest attribute so JMeter can skip classfile scanning
2025-03-25 17:52:39,703 INFO o.a.j.r.ClassFinder: Will scan jar /mnt/c/Program Files/jmeter/lib/ext/json-lib-2.4-jdk15.jar with filter ExtendsClassFilter [parents=[interface org.apache.jmeter.gui.action.Command], inner=false, contains=null, notContains=null]. Consider exposing JMeter plugins via META-INF/services, and add JMeter-Skip-Class-Scanning=true manifest attribute so JMeter can skip classfile scanning
2025-03-25 17:52:39,886 INFO o.a.j.r.ClassFinder: Will scan jar /mnt/c/Program Files/jmeter/lib/ext/cmdrunner-2.3.jar with filter ExtendsClassFilter [parents=[interface org.apache.jmeter.gui.plugin.MenuCreator], inner=false, contains=null, notContains=null]. Consider exposing JMeter plugins via META-INF/services, and add JMeter-Skip-Class-Scanning=true manifest attribute so JMeter can skip classfile scanning
2025-03-25 17:52:39,891 INFO o.a.j.r.ClassFinder: Will scan jar /mnt/c/Program Files/jmeter/lib/ext/jmeter-plugins-cmn-jmeter-0.7.jar with filter ExtendsClassFilter [parents=[interface org.apache.jmeter.gui.plugin.MenuCreator], inner=false, contains=null, notContains=null]. Consider exposing JMeter plugins via META-INF/services, and add JMeter-Skip-Class-Scanning=true manifest attribute so JMeter can skip classfile scanning
2025-03-25 17:52:39,907 INFO o.a.j.r.ClassFinder: Will scan jar /mnt/c/Program Files/jmeter/lib/ext/jmeter-plugins-casutg-3.0.jar with filter ExtendsClassFilter [parents=[interface org.apache.jmeter.gui.plugin.MenuCreator], inner=false, contains=null, notContains=null]. Consider exposing JMeter plugins via META-INF/services, and add JMeter-Skip-Class-Scanning=true manifest attribute so JMeter can skip classfile scanning
2025-03-25 17:52:39,909 INFO o.a.j.r.ClassFinder: Will scan jar /mnt/c/Program Files/jmeter/lib/ext/jmeter-plugins-manager-1.10.jar with filter ExtendsClassFilter [parents=[interface org.apache.jmeter.gui.plugin.MenuCreator], inner=false, contains=null, notContains=null]. Consider exposing JMeter plugins via META-INF/services, and add JMeter-Skip-Class-Scanning=true manifest attribute so JMeter can skip classfile scanning
2025-03-25 17:52:39,916 INFO o.a.j.r.ClassFinder: Will scan jar /mnt/c/Program Files/jmeter/lib/ext/json-lib-2.4-jdk15.jar with filter ExtendsClassFilter [parents=[interface org.apache.jmeter.gui.plugin.MenuCreator], inner=false, contains=null, notContains=null]. Consider exposing JMeter plugins via META-INF/services, and add JMeter-Skip-Class-Scanning=true manifest attribute so JMeter can skip classfile scanning
2025-03-25 17:52:40,059 INFO o.j.r.JARSourceHTTP: Found cached repo
2025-03-25 17:52:40,479 INFO o.j.r.PluginManager: Plugins Status: [jpgc-casutg=3.0, jpgc-plugins-manager=1.10, jmeter-core=5.6.3, jmeter-ftp=5.6.3, jmeter-http=5.6.3, jmeter-jdbc=5.6.3, jmeter-jms=5.6.3, jmeter-junit=5.6.3, jmeter-java=5.6.3, jmeter-ldap=5.6.3, jmeter-mail=5.6.3, jmeter-mongodb=5.6.3, jmeter-native=5.6.3, jmeter-tcp=5.6.3, jmeter-components=5.6.3]
2025-03-25 18:01:47,566 INFO o.a.j.s.FileServer: Default base='/home/rfahham/projetos/jmeter'
2025-03-25 18:01:47,570 INFO o.a.j.g.a.Load: Loading file: /home/rfahham/projetos/jmeter/projetos/serverest/get-usuarios.jmx
2025-03-25 18:01:47,570 INFO o.a.j.s.FileServer: Set new base='/home/rfahham/projetos/jmeter/projetos/serverest'
2025-03-25 18:01:47,913 INFO o.a.j.s.SaveService: Testplan (JMX) version: 2.2. Testlog (JTL) version: 2.2
2025-03-25 18:01:47,925 INFO o.a.j.s.SaveService: Using SaveService properties version 5.0
2025-03-25 18:01:47,928 INFO o.a.j.s.SaveService: Using SaveService properties file encoding UTF-8
2025-03-25 18:01:47,930 INFO o.a.j.s.SaveService: Loading file: /home/rfahham/projetos/jmeter/projetos/serverest/get-usuarios.jmx
2025-03-25 18:01:48,150 INFO o.a.j.p.h.s.HTTPSamplerBase: Parser for text/html is org.apache.jmeter.protocol.http.parser.LagartoBasedHtmlParser
2025-03-25 18:01:48,150 INFO o.a.j.p.h.s.HTTPSamplerBase: Parser for application/xhtml+xml is org.apache.jmeter.protocol.http.parser.LagartoBasedHtmlParser
2025-03-25 18:01:48,150 INFO o.a.j.p.h.s.HTTPSamplerBase: Parser for application/xml is org.apache.jmeter.protocol.http.parser.LagartoBasedHtmlParser
2025-03-25 18:01:48,150 INFO o.a.j.p.h.s.HTTPSamplerBase: Parser for text/xml is org.apache.jmeter.protocol.http.parser.LagartoBasedHtmlParser
2025-03-25 18:01:48,150 INFO o.a.j.p.h.s.HTTPSamplerBase: Parser for text/vnd.wap.wml is org.apache.jmeter.protocol.http.parser.RegexpHTMLParser
2025-03-25 18:01:48,150 INFO o.a.j.p.h.s.HTTPSamplerBase: Parser for text/css is org.apache.jmeter.protocol.http.parser.CssParser
2025-03-25 18:01:48,380 INFO o.a.j.s.SampleResult: Note: Sample TimeStamps are START times
2025-03-25 18:01:48,380 INFO o.a.j.s.SampleResult: sampleresult.default.encoding is set to UTF-8
2025-03-25 18:01:48,380 INFO o.a.j.s.SampleResult: sampleresult.useNanoTime=true
2025-03-25 18:01:48,380 INFO o.a.j.s.SampleResult: sampleresult.nanoThreadSleep=5000
2025-03-25 18:01:48,677 INFO o.a.j.r.ClassFinder: Will scan jar /mnt/c/Program Files/jmeter/lib/ext/cmdrunner-2.3.jar with filter ExtendsClassFilter [parents=[interface org.apache.jmeter.visualizers.ResultRenderer], inner=false, contains=null, notContains=null]. Consider exposing JMeter plugins via META-INF/services, and add JMeter-Skip-Class-Scanning=true manifest attribute so JMeter can skip classfile scanning
2025-03-25 18:01:48,679 INFO o.a.j.r.ClassFinder: Will scan jar /mnt/c/Program Files/jmeter/lib/ext/jmeter-plugins-cmn-jmeter-0.7.jar with filter ExtendsClassFilter [parents=[interface org.apache.jmeter.visualizers.ResultRenderer], inner=false, contains=null, notContains=null]. Consider exposing JMeter plugins via META-INF/services, and add JMeter-Skip-Class-Scanning=true manifest attribute so JMeter can skip classfile scanning
2025-03-25 18:01:48,691 INFO o.a.j.r.ClassFinder: Will scan jar /mnt/c/Program Files/jmeter/lib/ext/jmeter-plugins-casutg-3.0.jar with filter ExtendsClassFilter [parents=[interface org.apache.jmeter.visualizers.ResultRenderer], inner=false, contains=null, notContains=null]. Consider exposing JMeter plugins via META-INF/services, and add JMeter-Skip-Class-Scanning=true manifest attribute so JMeter can skip classfile scanning
2025-03-25 18:01:48,693 INFO o.a.j.r.ClassFinder: Will scan jar /mnt/c/Program Files/jmeter/lib/ext/jmeter-plugins-manager-1.10.jar with filter ExtendsClassFilter [parents=[interface org.apache.jmeter.visualizers.ResultRenderer], inner=false, contains=null, notContains=null]. Consider exposing JMeter plugins via META-INF/services, and add JMeter-Skip-Class-Scanning=true manifest attribute so JMeter can skip classfile scanning
2025-03-25 18:01:48,699 INFO o.a.j.r.ClassFinder: Will scan jar /mnt/c/Program Files/jmeter/lib/ext/json-lib-2.4-jdk15.jar with filter ExtendsClassFilter [parents=[interface org.apache.jmeter.visualizers.ResultRenderer], inner=false, contains=null, notContains=null]. Consider exposing JMeter plugins via META-INF/services, and add JMeter-Skip-Class-Scanning=true manifest attribute so JMeter can skip classfile scanning
2025-03-25 18:01:48,738 INFO o.a.j.r.ClassFinder: Will scan jar /mnt/c/Program Files/jmeter/lib/ext/cmdrunner-2.3.jar with filter ExtendsClassFilter [parents=[interface org.apache.jmeter.visualizers.RequestView], inner=false, contains=null, notContains=null]. Consider exposing JMeter plugins via META-INF/services, and add JMeter-Skip-Class-Scanning=true manifest attribute so JMeter can skip classfile scanning
2025-03-25 18:01:48,740 INFO o.a.j.r.ClassFinder: Will scan jar /mnt/c/Program Files/jmeter/lib/ext/jmeter-plugins-cmn-jmeter-0.7.jar with filter ExtendsClassFilter [parents=[interface org.apache.jmeter.visualizers.RequestView], inner=false, contains=null, notContains=null]. Consider exposing JMeter plugins via META-INF/services, and add JMeter-Skip-Class-Scanning=true manifest attribute so JMeter can skip classfile scanning
2025-03-25 18:01:48,750 INFO o.a.j.r.ClassFinder: Will scan jar /mnt/c/Program Files/jmeter/lib/ext/jmeter-plugins-casutg-3.0.jar with filter ExtendsClassFilter [parents=[interface org.apache.jmeter.visualizers.RequestView], inner=false, contains=null, notContains=null]. Consider exposing JMeter plugins via META-INF/services, and add JMeter-Skip-Class-Scanning=true manifest attribute so JMeter can skip classfile scanning
2025-03-25 18:01:48,752 INFO o.a.j.r.ClassFinder: Will scan jar /mnt/c/Program Files/jmeter/lib/ext/jmeter-plugins-manager-1.10.jar with filter ExtendsClassFilter [parents=[interface org.apache.jmeter.visualizers.RequestView], inner=false, contains=null, notContains=null]. Consider exposing JMeter plugins via META-INF/services, and add JMeter-Skip-Class-Scanning=true manifest attribute so JMeter can skip classfile scanning
2025-03-25 18:01:48,758 INFO o.a.j.r.ClassFinder: Will scan jar /mnt/c/Program Files/jmeter/lib/ext/json-lib-2.4-jdk15.jar with filter ExtendsClassFilter [parents=[interface org.apache.jmeter.visualizers.RequestView], inner=false, contains=null, notContains=null]. Consider exposing JMeter plugins via META-INF/services, and add JMeter-Skip-Class-Scanning=true manifest attribute so JMeter can skip classfile scanning
2025-03-25 18:01:48,863 INFO o.a.j.s.FileServer: Set new base='/home/rfahham/projetos/jmeter/projetos/serverest'
2025-03-25 18:01:58,103 INFO o.a.j.e.StandardJMeterEngine: Running the test!
2025-03-25 18:01:58,104 INFO o.a.j.s.SampleEvent: List of sample_variables: []
2025-03-25 18:01:58,104 INFO o.a.j.s.SampleEvent: List of sample_variables: []
2025-03-25 18:01:58,106 INFO o.a.j.e.u.CompoundVariable: Note: Function class names must contain the string: '.functions.'
2025-03-25 18:01:58,106 INFO o.a.j.e.u.CompoundVariable: Note: Function class names must not contain the string: '.gui.'
2025-03-25 18:01:58,445 INFO o.a.j.r.ClassFinder: Will scan jar /mnt/c/Program Files/jmeter/lib/ext/cmdrunner-2.3.jar with filter ExtendsClassFilter [parents=[interface org.apache.jmeter.functions.Function], inner=false, contains=null, notContains=null]. Consider exposing JMeter plugins via META-INF/services, and add JMeter-Skip-Class-Scanning=true manifest attribute so JMeter can skip classfile scanning
2025-03-25 18:01:58,448 INFO o.a.j.r.ClassFinder: Will scan jar /mnt/c/Program Files/jmeter/lib/ext/jmeter-plugins-cmn-jmeter-0.7.jar with filter ExtendsClassFilter [parents=[interface org.apache.jmeter.functions.Function], inner=false, contains=null, notContains=null]. Consider exposing JMeter plugins via META-INF/services, and add JMeter-Skip-Class-Scanning=true manifest attribute so JMeter can skip classfile scanning
2025-03-25 18:01:58,459 INFO o.a.j.r.ClassFinder: Will scan jar /mnt/c/Program Files/jmeter/lib/ext/jmeter-plugins-casutg-3.0.jar with filter ExtendsClassFilter [parents=[interface org.apache.jmeter.functions.Function], inner=false, contains=null, notContains=null]. Consider exposing JMeter plugins via META-INF/services, and add JMeter-Skip-Class-Scanning=true manifest attribute so JMeter can skip classfile scanning
2025-03-25 18:01:58,461 INFO o.a.j.r.ClassFinder: Will scan jar /mnt/c/Program Files/jmeter/lib/ext/jmeter-plugins-manager-1.10.jar with filter ExtendsClassFilter [parents=[interface org.apache.jmeter.functions.Function], inner=false, contains=null, notContains=null]. Consider exposing JMeter plugins via META-INF/services, and add JMeter-Skip-Class-Scanning=true manifest attribute so JMeter can skip classfile scanning
2025-03-25 18:01:58,475 INFO o.a.j.r.ClassFinder: Will scan jar /mnt/c/Program Files/jmeter/lib/ext/json-lib-2.4-jdk15.jar with filter ExtendsClassFilter [parents=[interface org.apache.jmeter.functions.Function], inner=false, contains=null, notContains=null]. Consider exposing JMeter plugins via META-INF/services, and add JMeter-Skip-Class-Scanning=true manifest attribute so JMeter can skip classfile scanning
2025-03-25 18:01:58,482 INFO o.a.j.g.u.JMeterMenuBar: setRunning(true, *local*)
2025-03-25 18:01:58,555 INFO o.a.j.e.StandardJMeterEngine: Starting ThreadGroup: 1 : Thread Group
2025-03-25 18:01:58,555 INFO o.a.j.e.StandardJMeterEngine: Starting 1 threads for group Thread Group.
2025-03-25 18:01:58,555 INFO o.a.j.e.StandardJMeterEngine: Thread will continue on error
2025-03-25 18:01:58,555 INFO o.a.j.t.ThreadGroup: Starting thread group... number=1 threads=1 ramp-up=1 delayedStart=false
2025-03-25 18:01:58,559 INFO o.a.j.t.ThreadGroup: Started thread group number 1
2025-03-25 18:01:58,559 INFO o.a.j.e.StandardJMeterEngine: All thread groups have been started
2025-03-25 18:01:58,561 INFO o.a.j.t.JMeterThread: Thread started: Thread Group 1-1
2025-03-25 18:01:58,578 INFO o.a.j.p.h.s.HTTPHCAbstractImpl: Local host = DESKTOP-059018K
2025-03-25 18:01:58,589 INFO o.a.j.p.h.s.HTTPHC4Impl: HTTP request retry count = 0
2025-03-25 18:01:58,730 INFO o.a.j.p.h.s.h.LazyLayeredConnectionSocketFactory: Setting up HTTPS TrustAll Socket Factory
2025-03-25 18:01:58,732 INFO o.a.j.u.JsseSSLManager: Using default SSL protocol: TLS
2025-03-25 18:01:58,732 INFO o.a.j.u.JsseSSLManager: SSL session context: per-thread
2025-03-25 18:01:58,764 INFO o.a.j.u.SSLManager: JmeterKeyStore Location:  type JKS
2025-03-25 18:01:58,766 INFO o.a.j.u.SSLManager: KeyStore created OK
2025-03-25 18:01:58,767 WARN o.a.j.u.SSLManager: Keystore file not found, loading empty keystore
2025-03-25 18:01:59,204 INFO o.a.j.t.JMeterThread: Thread is done: Thread Group 1-1
2025-03-25 18:01:59,205 INFO o.a.j.t.JMeterThread: Thread finished: Thread Group 1-1
2025-03-25 18:01:59,206 INFO o.a.j.e.StandardJMeterEngine: Notifying test listeners of end of test
2025-03-25 18:01:59,207 INFO o.a.j.g.u.JMeterMenuBar: setRunning(false, *local*)
2025-03-25 18:02:14,972 INFO o.a.j.g.JMeterUIDefaults: Applying font scale factor: 0.9090909
2025-03-25 18:02:26,426 INFO o.a.j.g.JMeterUIDefaults: Applying font scale factor: 1.1
2025-03-25 18:02:27,260 INFO o.a.j.g.JMeterUIDefaults: Applying font scale factor: 1.21
2025-03-25 18:02:28,056 INFO o.a.j.g.JMeterUIDefaults: Applying font scale factor: 1.3310001
2025-03-25 18:02:28,913 INFO o.a.j.g.JMeterUIDefaults: Applying font scale factor: 1.4641001
2025-03-25 18:03:26,861 INFO o.a.j.r.ClassFinder: Will scan jar /mnt/c/Program Files/jmeter/lib/ext/cmdrunner-2.3.jar with filter ExtendsClassFilter [parents=[interface org.apache.jmeter.visualizers.ResultRenderer], inner=false, contains=null, notContains=null]. Consider exposing JMeter plugins via META-INF/services, and add JMeter-Skip-Class-Scanning=true manifest attribute so JMeter can skip classfile scanning
2025-03-25 18:03:26,865 INFO o.a.j.r.ClassFinder: Will scan jar /mnt/c/Program Files/jmeter/lib/ext/jmeter-plugins-cmn-jmeter-0.7.jar with filter ExtendsClassFilter [parents=[interface org.apache.jmeter.visualizers.ResultRenderer], inner=false, contains=null, notContains=null]. Consider exposing JMeter plugins via META-INF/services, and add JMeter-Skip-Class-Scanning=true manifest attribute so JMeter can skip classfile scanning
2025-03-25 18:03:26,881 INFO o.a.j.r.ClassFinder: Will scan jar /mnt/c/Program Files/jmeter/lib/ext/jmeter-plugins-casutg-3.0.jar with filter ExtendsClassFilter [parents=[interface org.apache.jmeter.visualizers.ResultRenderer], inner=false, contains=null, notContains=null]. Consider exposing JMeter plugins via META-INF/services, and add JMeter-Skip-Class-Scanning=true manifest attribute so JMeter can skip classfile scanning
2025-03-25 18:03:26,883 INFO o.a.j.r.ClassFinder: Will scan jar /mnt/c/Program Files/jmeter/lib/ext/jmeter-plugins-manager-1.10.jar with filter ExtendsClassFilter [parents=[interface org.apache.jmeter.visualizers.ResultRenderer], inner=false, contains=null, notContains=null]. Consider exposing JMeter plugins via META-INF/services, and add JMeter-Skip-Class-Scanning=true manifest attribute so JMeter can skip classfile scanning
2025-03-25 18:03:26,888 INFO o.a.j.r.ClassFinder: Will scan jar /mnt/c/Program Files/jmeter/lib/ext/json-lib-2.4-jdk15.jar with filter ExtendsClassFilter [parents=[interface org.apache.jmeter.visualizers.ResultRenderer], inner=false, contains=null, notContains=null]. Consider exposing JMeter plugins via META-INF/services, and add JMeter-Skip-Class-Scanning=true manifest attribute so JMeter can skip classfile scanning
2025-03-25 18:03:26,915 INFO o.a.j.r.ClassFinder: Will scan jar /mnt/c/Program Files/jmeter/lib/ext/cmdrunner-2.3.jar with filter ExtendsClassFilter [parents=[interface org.apache.jmeter.visualizers.RequestView], inner=false, contains=null, notContains=null]. Consider exposing JMeter plugins via META-INF/services, and add JMeter-Skip-Class-Scanning=true manifest attribute so JMeter can skip classfile scanning
2025-03-25 18:03:26,917 INFO o.a.j.r.ClassFinder: Will scan jar /mnt/c/Program Files/jmeter/lib/ext/jmeter-plugins-cmn-jmeter-0.7.jar with filter ExtendsClassFilter [parents=[interface org.apache.jmeter.visualizers.RequestView], inner=false, contains=null, notContains=null]. Consider exposing JMeter plugins via META-INF/services, and add JMeter-Skip-Class-Scanning=true manifest attribute so JMeter can skip classfile scanning
2025-03-25 18:03:26,926 INFO o.a.j.r.ClassFinder: Will scan jar /mnt/c/Program Files/jmeter/lib/ext/jmeter-plugins-casutg-3.0.jar with filter ExtendsClassFilter [parents=[interface org.apache.jmeter.visualizers.RequestView], inner=false, contains=null, notContains=null]. Consider exposing JMeter plugins via META-INF/services, and add JMeter-Skip-Class-Scanning=true manifest attribute so JMeter can skip classfile scanning
2025-03-25 18:03:26,927 INFO o.a.j.r.ClassFinder: Will scan jar /mnt/c/Program Files/jmeter/lib/ext/jmeter-plugins-manager-1.10.jar with filter ExtendsClassFilter [parents=[interface org.apache.jmeter.visualizers.RequestView], inner=false, contains=null, notContains=null]. Consider exposing JMeter plugins via META-INF/services, and add JMeter-Skip-Class-Scanning=true manifest attribute so JMeter can skip classfile scanning
2025-03-25 18:03:26,932 INFO o.a.j.r.ClassFinder: Will scan jar /mnt/c/Program Files/jmeter/lib/ext/json-lib-2.4-jdk15.jar with filter ExtendsClassFilter [parents=[interface org.apache.jmeter.visualizers.RequestView], inner=false, contains=null, notContains=null]. Consider exposing JMeter plugins via META-INF/services, and add JMeter-Skip-Class-Scanning=true manifest attribute so JMeter can skip classfile scanning
2025-03-25 18:07:25,742 INFO o.a.j.r.ClassFinder: Will scan jar /mnt/c/Program Files/jmeter/lib/ext/cmdrunner-2.3.jar with filter ExtendsClassFilter [parents=[interface org.apache.jmeter.visualizers.ResultRenderer], inner=false, contains=null, notContains=null]. Consider exposing JMeter plugins via META-INF/services, and add JMeter-Skip-Class-Scanning=true manifest attribute so JMeter can skip classfile scanning
2025-03-25 18:07:25,799 INFO o.a.j.r.ClassFinder: Will scan jar /mnt/c/Program Files/jmeter/lib/ext/jmeter-plugins-cmn-jmeter-0.7.jar with filter ExtendsClassFilter [parents=[interface org.apache.jmeter.visualizers.ResultRenderer], inner=false, contains=null, notContains=null]. Consider exposing JMeter plugins via META-INF/services, and add JMeter-Skip-Class-Scanning=true manifest attribute so JMeter can skip classfile scanning
2025-03-25 18:07:25,896 INFO o.a.j.r.ClassFinder: Will scan jar /mnt/c/Program Files/jmeter/lib/ext/jmeter-plugins-casutg-3.0.jar with filter ExtendsClassFilter [parents=[interface org.apache.jmeter.visualizers.ResultRenderer], inner=false, contains=null, notContains=null]. Consider exposing JMeter plugins via META-INF/services, and add JMeter-Skip-Class-Scanning=true manifest attribute so JMeter can skip classfile scanning
2025-03-25 18:07:25,901 INFO o.a.j.r.ClassFinder: Will scan jar /mnt/c/Program Files/jmeter/lib/ext/jmeter-plugins-manager-1.10.jar with filter ExtendsClassFilter [parents=[interface org.apache.jmeter.visualizers.ResultRenderer], inner=false, contains=null, notContains=null]. Consider exposing JMeter plugins via META-INF/services, and add JMeter-Skip-Class-Scanning=true manifest attribute so JMeter can skip classfile scanning
2025-03-25 18:07:25,953 INFO o.a.j.r.ClassFinder: Will scan jar /mnt/c/Program Files/jmeter/lib/ext/json-lib-2.4-jdk15.jar with filter ExtendsClassFilter [parents=[interface org.apache.jmeter.visualizers.ResultRenderer], inner=false, contains=null, notContains=null]. Consider exposing JMeter plugins via META-INF/services, and add JMeter-Skip-Class-Scanning=true manifest attribute so JMeter can skip classfile scanning
2025-03-25 18:07:26,188 INFO o.a.j.r.ClassFinder: Will scan jar /mnt/c/Program Files/jmeter/lib/ext/cmdrunner-2.3.jar with filter ExtendsClassFilter [parents=[interface org.apache.jmeter.visualizers.RequestView], inner=false, contains=null, notContains=null]. Consider exposing JMeter plugins via META-INF/services, and add JMeter-Skip-Class-Scanning=true manifest attribute so JMeter can skip classfile scanning
2025-03-25 18:07:26,201 INFO o.a.j.r.ClassFinder: Will scan jar /mnt/c/Program Files/jmeter/lib/ext/jmeter-plugins-cmn-jmeter-0.7.jar with filter ExtendsClassFilter [parents=[interface org.apache.jmeter.visualizers.RequestView], inner=false, contains=null, notContains=null]. Consider exposing JMeter plugins via META-INF/services, and add JMeter-Skip-Class-Scanning=true manifest attribute so JMeter can skip classfile scanning
2025-03-25 18:07:26,280 INFO o.a.j.r.ClassFinder: Will scan jar /mnt/c/Program Files/jmeter/lib/ext/jmeter-plugins-casutg-3.0.jar with filter ExtendsClassFilter [parents=[interface org.apache.jmeter.visualizers.RequestView], inner=false, contains=null, notContains=null]. Consider exposing JMeter plugins via META-INF/services, and add JMeter-Skip-Class-Scanning=true manifest attribute so JMeter can skip classfile scanning
2025-03-25 18:07:26,290 INFO o.a.j.r.ClassFinder: Will scan jar /mnt/c/Program Files/jmeter/lib/ext/jmeter-plugins-manager-1.10.jar with filter ExtendsClassFilter [parents=[interface org.apache.jmeter.visualizers.RequestView], inner=false, contains=null, notContains=null]. Consider exposing JMeter plugins via META-INF/services, and add JMeter-Skip-Class-Scanning=true manifest attribute so JMeter can skip classfile scanning
2025-03-25 18:07:26,316 INFO o.a.j.r.ClassFinder: Will scan jar /mnt/c/Program Files/jmeter/lib/ext/json-lib-2.4-jdk15.jar with filter ExtendsClassFilter [parents=[interface org.apache.jmeter.visualizers.RequestView], inner=false, contains=null, notContains=null]. Consider exposing JMeter plugins via META-INF/services, and add JMeter-Skip-Class-Scanning=true manifest attribute so JMeter can skip classfile scanning
2025-03-25 18:08:20,786 INFO o.a.j.s.FileServer: Set new base='/home/rfahham/projetos/jmeter/projetos/serverest'
2025-03-25 18:08:20,794 INFO o.a.j.e.StandardJMeterEngine: Running the test!
2025-03-25 18:08:20,795 INFO o.a.j.s.SampleEvent: List of sample_variables: []
2025-03-25 18:08:20,799 INFO o.a.j.g.u.JMeterMenuBar: setRunning(true, *local*)
2025-03-25 18:08:20,801 INFO o.a.j.e.StandardJMeterEngine: Starting ThreadGroup: 1 : Thread Group
2025-03-25 18:08:20,801 INFO o.a.j.e.StandardJMeterEngine: Starting 1 threads for group Thread Group.
2025-03-25 18:08:20,801 INFO o.a.j.e.StandardJMeterEngine: Thread will continue on error
2025-03-25 18:08:20,801 INFO o.a.j.t.ThreadGroup: Starting thread group... number=1 threads=1 ramp-up=1 delayedStart=false
2025-03-25 18:08:20,806 INFO o.a.j.t.ThreadGroup: Started thread group number 1
2025-03-25 18:08:20,808 INFO o.a.j.e.StandardJMeterEngine: All thread groups have been started
2025-03-25 18:08:20,979 INFO o.a.j.t.JMeterThread: Thread started: Thread Group 1-1
2025-03-25 18:08:21,426 INFO o.a.j.t.JMeterThread: Thread is done: Thread Group 1-1
2025-03-25 18:08:21,426 INFO o.a.j.t.JMeterThread: Thread finished: Thread Group 1-1
2025-03-25 18:08:21,427 INFO o.a.j.e.StandardJMeterEngine: Notifying test listeners of end of test
2025-03-25 18:08:21,427 INFO o.a.j.g.u.JMeterMenuBar: setRunning(false, *local*)
2025-03-25 18:09:19,806 INFO o.a.j.e.StandardJMeterEngine: Running the test!
2025-03-25 18:09:19,807 INFO o.a.j.s.SampleEvent: List of sample_variables: []
2025-03-25 18:09:19,809 INFO o.a.j.g.u.JMeterMenuBar: setRunning(true, *local*)
2025-03-25 18:09:20,545 INFO o.a.j.e.StandardJMeterEngine: Starting ThreadGroup: 1 : Thread Group
2025-03-25 18:09:20,545 INFO o.a.j.e.StandardJMeterEngine: Starting 1 threads for group Thread Group.
2025-03-25 18:09:20,546 INFO o.a.j.e.StandardJMeterEngine: Thread will continue on error
2025-03-25 18:09:20,547 INFO o.a.j.t.ThreadGroup: Starting thread group... number=1 threads=1 ramp-up=1 delayedStart=false
2025-03-25 18:09:20,554 INFO o.a.j.t.ThreadGroup: Started thread group number 1
2025-03-25 18:09:20,560 INFO o.a.j.e.StandardJMeterEngine: All thread groups have been started
2025-03-25 18:09:20,556 INFO o.a.j.t.JMeterThread: Thread started: Thread Group 1-1
2025-03-25 18:09:21,056 INFO o.a.j.t.JMeterThread: Thread is done: Thread Group 1-1
2025-03-25 18:09:21,057 INFO o.a.j.t.JMeterThread: Thread finished: Thread Group 1-1
2025-03-25 18:09:21,065 INFO o.a.j.e.StandardJMeterEngine: Notifying test listeners of end of test
2025-03-25 18:09:21,066 INFO o.a.j.g.u.JMeterMenuBar: setRunning(false, *local*)
2025-03-25 18:09:48,240 INFO o.a.j.e.StandardJMeterEngine: Running the test!
2025-03-25 18:09:48,241 INFO o.a.j.s.SampleEvent: List of sample_variables: []
2025-03-25 18:09:48,269 INFO o.a.j.g.u.JMeterMenuBar: setRunning(true, *local*)
2025-03-25 18:09:48,762 INFO o.a.j.e.StandardJMeterEngine: Starting ThreadGroup: 1 : Thread Group
2025-03-25 18:09:48,762 INFO o.a.j.e.StandardJMeterEngine: Starting 1 threads for group Thread Group.
2025-03-25 18:09:48,764 INFO o.a.j.e.StandardJMeterEngine: Thread will continue on error
2025-03-25 18:09:48,766 INFO o.a.j.t.ThreadGroup: Starting thread group... number=1 threads=1 ramp-up=1 delayedStart=false
2025-03-25 18:09:48,776 INFO o.a.j.t.ThreadGroup: Started thread group number 1
2025-03-25 18:09:48,777 INFO o.a.j.e.StandardJMeterEngine: All thread groups have been started
2025-03-25 18:09:48,783 INFO o.a.j.t.JMeterThread: Thread started: Thread Group 1-1
2025-03-25 18:09:49,145 INFO o.a.j.t.JMeterThread: Thread is done: Thread Group 1-1
2025-03-25 18:09:49,146 INFO o.a.j.t.JMeterThread: Thread finished: Thread Group 1-1
2025-03-25 18:09:49,150 INFO o.a.j.e.StandardJMeterEngine: Notifying test listeners of end of test
2025-03-25 18:09:49,151 INFO o.a.j.g.u.JMeterMenuBar: setRunning(false, *local*)
